<?xml version="1.0" encoding="UTF-8"?>
<testsuite name="IJG.Portal.PricingPortalApplicationTests" tests="1" skipped="0" failures="0" errors="0" timestamp="2024-12-11T10:57:58" hostname="nghilifa-seen-it-all" time="0.577">
  <properties/>
  <testcase name="contextLoads()" classname="IJG.Portal.PricingPortalApplicationTests" time="0.577"/>
  <system-out><![CDATA[12:57:40.495 [Test worker] INFO org.springframework.test.context.support.AnnotationConfigContextLoaderUtils -- Could not detect default configuration classes for test class [IJG.Portal.PricingPortalApplicationTests]: PricingPortalApplicationTests does not declare any static, non-private, non-final, nested classes annotated with @Configuration.
12:57:40.608 [Test worker] INFO org.springframework.boot.test.context.SpringBootTestContextBootstrapper -- Found @SpringBootConfiguration IJG.Portal.PricingPortalApplication for test class IJG.Portal.PricingPortalApplicationTests

  .   ____          _            __ _ _
 /\\ / ___'_ __ _ _(_)_ __  __ _ \ \ \ \
( ( )\___ | '_ | '_| | '_ \/ _` | \ \ \ \
 \\/  ___)| |_)| | | | | || (_| |  ) ) ) )
  '  |____| .__|_| |_|_| |_\__, | / / / /
 =========|_|==============|___/=/_/_/_/

 :: Spring Boot ::                (v3.4.0)

2024-12-11T12:57:41.004+02:00  INFO 85626 --- [    Test worker] I.Portal.PricingPortalApplicationTests   : Starting PricingPortalApplicationTests using Java 21.0.5 with PID 85626 (started by nghilifa in /home/nghilifa/Desktop/IJG/PricingPortal)
2024-12-11T12:57:41.006+02:00  INFO 85626 --- [    Test worker] I.Portal.PricingPortalApplicationTests   : No active profile set, falling back to 1 default profile: "default"
2024-12-11T12:57:41.594+02:00  INFO 85626 --- [    Test worker] .s.d.r.c.RepositoryConfigurationDelegate : Bootstrapping Spring Data JPA repositories in DEFAULT mode.
2024-12-11T12:57:41.651+02:00  INFO 85626 --- [    Test worker] .s.d.r.c.RepositoryConfigurationDelegate : Finished Spring Data repository scanning in 47 ms. Found 2 JPA repository interfaces.
2024-12-11T12:57:42.183+02:00  INFO 85626 --- [    Test worker] o.hibernate.jpa.internal.util.LogHelper  : HHH000204: Processing PersistenceUnitInfo [name: default]
2024-12-11T12:57:42.226+02:00  INFO 85626 --- [    Test worker] org.hibernate.Version                    : HHH000412: Hibernate ORM core version 6.6.2.Final
2024-12-11T12:57:42.254+02:00  INFO 85626 --- [    Test worker] o.h.c.internal.RegionFactoryInitiator    : HHH000026: Second-level cache disabled
2024-12-11T12:57:42.485+02:00  INFO 85626 --- [    Test worker] o.s.o.j.p.SpringPersistenceUnitInfo      : No LoadTimeWeaver setup: ignoring JPA class transformer
2024-12-11T12:57:42.508+02:00  INFO 85626 --- [    Test worker] com.zaxxer.hikari.HikariDataSource       : HikariPool-1 - Starting...
2024-12-11T12:57:45.652+02:00  INFO 85626 --- [    Test worker] com.zaxxer.hikari.pool.HikariPool        : HikariPool-1 - Added connection com.mysql.cj.jdbc.ConnectionImpl@6de33fde
2024-12-11T12:57:45.654+02:00  INFO 85626 --- [    Test worker] com.zaxxer.hikari.HikariDataSource       : HikariPool-1 - Start completed.
2024-12-11T12:57:47.546+02:00  INFO 85626 --- [    Test worker] org.hibernate.orm.connections.pooling    : HHH10001005: Database info:
	Database JDBC URL [Connecting through datasource 'HikariDataSource (HikariPool-1)']
	Database driver: undefined/unknown
	Database version: 8.0.40
	Autocommit mode: undefined/unknown
	Isolation level: undefined/unknown
	Minimum pool size: undefined/unknown
	Maximum pool size: undefined/unknown
2024-12-11T12:57:48.213+02:00  INFO 85626 --- [    Test worker] o.h.e.t.j.p.i.JtaPlatformInitiator       : HHH000489: No JTA platform available (set 'hibernate.transaction.jta.platform' to enable JTA platform integration)
Hibernate: create table clients (id integer not null auto_increment, email varchar(45), name varchar(45), revenue integer, sub_count integer, primary key (id)) engine=InnoDB
Hibernate: create table current_subs (id_current_subs integer not null, primary key (id_current_subs)) engine=InnoDB
2024-12-11T12:57:57.498+02:00  INFO 85626 --- [    Test worker] j.LocalContainerEntityManagerFactoryBean : Initialized JPA EntityManagerFactory for persistence unit 'default'
2024-12-11T12:57:57.828+02:00  WARN 85626 --- [    Test worker] JpaBaseConfiguration$JpaWebConfiguration : spring.jpa.open-in-view is enabled by default. Therefore, database queries may be performed during view rendering. Explicitly configure spring.jpa.open-in-view to disable this warning
2024-12-11T12:57:58.260+02:00  INFO 85626 --- [    Test worker] I.Portal.PricingPortalApplicationTests   : Started PricingPortalApplicationTests in 17.531 seconds (process running for 18.714)
]]></system-out>
  <system-err><![CDATA[Mockito is currently self-attaching to enable the inline-mock-maker. This will no longer work in future releases of the JDK. Please add Mockito as an agent to your build what is described in Mockito's documentation: https://javadoc.io/doc/org.mockito/mockito-core/latest/org/mockito/Mockito.html#0.3
WARNING: A Java agent has been loaded dynamically (/home/nghilifa/.gradle/caches/modules-2/files-2.1/net.bytebuddy/byte-buddy-agent/1.15.10/e8eb255b2c378b9a6c7341e7b0e12f0a5636377/byte-buddy-agent-1.15.10.jar)
WARNING: If a serviceability tool is in use, please run with -XX:+EnableDynamicAgentLoading to hide this warning
WARNING: If a serviceability tool is not in use, please run with -Djdk.instrument.traceUsage for more information
WARNING: Dynamic loading of agents will be disallowed by default in a future release
]]></system-err>
</testsuite>
